<?xml version="1.0" encoding="UTF-8"?>
<!-- Generated by org.testng.reporters.JUnitXMLReporter -->
<testsuite ignored="0" hostname="LAPTOP-N6PADTDN" failures="1" tests="1" name="Test" time="24.857" errors="0" timestamp="2022-01-13T16:05:19 IST">
  <testcase classname="testsuite.ExecutionSuite_GetWeather" name="getTempFrUI" time="21.415">
    <failure type="java.lang.AssertionError" message="expected [13] but found [18]">
      <![CDATA[java.lang.AssertionError: expected [13] but found [18]
at testsuite.ExecutionSuite_GetWeather.getTempFrUI(ExecutionSuite_GetWeather.java:59)
at java.base/java.util.ArrayList.forEach(ArrayList.java:1511)
... Removed 33 stack frames]]>
    </failure>
  </testcase> <!-- getTempFrUI -->
</testsuite> <!-- Test -->
