<?xml version="1.0" encoding="UTF-8"?>
<testng-results ignored="0" total="1" passed="1" failed="0" skipped="0">
  <reporter-output>
  </reporter-output>
  <suite started-at="2022-01-16T13:31:21 IST" name="Suite" finished-at="2022-01-16T13:31:41 IST" duration-ms="20133">
    <groups>
    </groups>
    <test started-at="2022-01-16T13:31:21 IST" name="Test" finished-at="2022-01-16T13:31:41 IST" duration-ms="20133">
      <class name="testsuite.ExecutionSuite_GetWeather">
        <test-method is-config="true" signature="setBaseURI()[pri:0, instance:testsuite.ExecutionSuite_GetWeather@e15b7e8]" started-at="2022-01-16T13:31:21 IST" name="setBaseURI" finished-at="2022-01-16T13:31:21 IST" duration-ms="288" status="PASS">
          <reporter-output>
          </reporter-output>
        </test-method> <!-- setBaseURI -->
        <test-method is-config="true" signature="beforeSuite(java.lang.String)[pri:0, instance:testsuite.ExecutionSuite_GetWeather@e15b7e8]" started-at="2022-01-16T13:31:21 IST" name="beforeSuite" finished-at="2022-01-16T13:31:26 IST" duration-ms="4437" status="PASS">
          <params>
            <param index="0">
              <value>
                <![CDATA[firefox]]>
              </value>
            </param>
          </params>
          <reporter-output>
          </reporter-output>
        </test-method> <!-- beforeSuite -->
        <test-method signature="getTempFrUI()[pri:0, instance:testsuite.ExecutionSuite_GetWeather@e15b7e8]" started-at="2022-01-16T13:31:26 IST" name="getTempFrUI" finished-at="2022-01-16T13:31:41 IST" duration-ms="15671" status="PASS">
          <reporter-output>
          </reporter-output>
        </test-method> <!-- getTempFrUI -->
      </class> <!-- testsuite.ExecutionSuite_GetWeather -->
    </test> <!-- Test -->
  </suite> <!-- Suite -->
</testng-results>
