<?xml version="1.0" encoding="UTF-8"?>
<testng-results ignored="0" total="2" passed="2" failed="0" skipped="0">
  <reporter-output>
  </reporter-output>
  <suite started-at="2022-01-12T20:21:39 IST" name="Suite" finished-at="2022-01-12T20:21:55 IST" duration-ms="15984">
    <groups>
    </groups>
    <test started-at="2022-01-12T20:21:39 IST" name="Test" finished-at="2022-01-12T20:21:55 IST" duration-ms="15984">
      <class name="testsuite.ExecutionSuite_GetWeather">
        <test-method is-config="true" signature="setBaseURI()[pri:0, instance:testsuite.ExecutionSuite_GetWeather@3e11f9e9]" started-at="2022-01-12T20:21:39 IST" name="setBaseURI" finished-at="2022-01-12T20:21:39 IST" duration-ms="282" status="PASS">
          <reporter-output>
          </reporter-output>
        </test-method> <!-- setBaseURI -->
        <test-method is-config="true" signature="beforeSuite(java.lang.String)[pri:0, instance:testsuite.ExecutionSuite_GetWeather@3e11f9e9]" started-at="2022-01-12T20:21:39 IST" name="beforeSuite" finished-at="2022-01-12T20:21:42 IST" duration-ms="2916" status="PASS">
          <params>
            <param index="0">
              <value>
                <![CDATA[chrome]]>
              </value>
            </param>
          </params>
          <reporter-output>
          </reporter-output>
        </test-method> <!-- beforeSuite -->
        <test-method signature="getTempFrAPI()[pri:0, instance:testsuite.ExecutionSuite_GetWeather@3e11f9e9]" started-at="2022-01-12T20:21:42 IST" name="getTempFrAPI" finished-at="2022-01-12T20:21:43 IST" duration-ms="1557" status="PASS">
          <reporter-output>
          </reporter-output>
        </test-method> <!-- getTempFrAPI -->
        <test-method is-config="true" signature="beforeSuite(java.lang.String)[pri:0, instance:testsuite.ExecutionSuite_GetWeather@3e11f9e9]" started-at="2022-01-12T20:21:43 IST" name="beforeSuite" finished-at="2022-01-12T20:21:44 IST" duration-ms="889" status="PASS">
          <params>
            <param index="0">
              <value>
                <![CDATA[chrome]]>
              </value>
            </param>
          </params>
          <reporter-output>
          </reporter-output>
        </test-method> <!-- beforeSuite -->
        <test-method signature="getTempFrUI()[pri:0, instance:testsuite.ExecutionSuite_GetWeather@3e11f9e9]" started-at="2022-01-12T20:21:44 IST" name="getTempFrUI" finished-at="2022-01-12T20:21:55 IST" duration-ms="10588" status="PASS">
          <reporter-output>
          </reporter-output>
        </test-method> <!-- getTempFrUI -->
      </class> <!-- testsuite.ExecutionSuite_GetWeather -->
    </test> <!-- Test -->
  </suite> <!-- Suite -->
</testng-results>
